<?xml version="1.0" encoding="UTF-8"?>
<testsuites name="Login_CICD_Test Suite1" time="51.467" tests="3" failures="0" errors="0">
   <testsuite name="Login_CICD_Test Suite1" tests="3" failures="0" errors="0" time="51.467" skipped="0" timestamp="2023-11-07 12:54:52" hostname="LP-MUM-0X108326$ - LP-MUM-0X108326.IN.COFORGETECH.COM" id="Test Suites/Login_CICD_Test Suite/Login_CICD_Test Suite1">
      <properties>
         <property name="deviceName" value=""/>
         <property name="devicePlatform" value=""/>
         <property name="logFolder" value="C:\\Users\\Suraj.Phartade\\git\\KatalonCICD-TestDemo\\Reports\\20231107_125436\\Login_CICD_Test Suite\\Login_CICD_Test Suite1\\20231107_125439"/>
         <property name="logFiles" value="C:\\Users\\Suraj.Phartade\\git\\KatalonCICD-TestDemo\\Reports\\20231107_125436\\Login_CICD_Test Suite\\Login_CICD_Test Suite1\\20231107_125439\\execution0.log"/>
         <property name="attachments" value=""/>
         <property name="hostName" value="LP-MUM-0X108326$ - LP-MUM-0X108326.IN.COFORGETECH.COM"/>
         <property name="os" value="Windows 10 64bit"/>
         <property name="katalonVersion" value="8.6.8.208"/>
         <property name="browser" value="Chrome 119.0.0.0"/>
         <property name="hostAddress" value="10.253.38.159"/>
         <property name="sessionId" value="e6de431df3f2fa3099394a91a0f7509a"/>
         <property name="seleniumVersion" value="3.141.59"/>
         <property name="proxyInformation" value="ProxyInformation { proxyOption=NO_PROXY, proxyServerType=HTTP, username=, password=********, proxyServerAddress=, proxyServerPort=0, executionList=&quot;&quot;, isApplyToDesiredCapabilities=true }"/>
         <property name="platform" value="Windows 10"/>
      </properties>
      <testcase name="Test Cases/Login_CICD/Login_CICD_Test1" time="23.031" classname="Test Cases/Login_CICD/Login_CICD_Test1" status="PASSED">
         <system-out><![CDATA[2023-11-07 12:54:52 - [TEST_CASE][PASSED] - Test Cases/Login_CICD/Login_CICD_Test1: Test Cases/Login_CICD/Login_CICD_Test1

2023-11-07 12:54:53 - [TEST_STEP][PASSED] - openBrowser(""): Browser is opened with url: ''

2023-11-07 12:54:54 - [MESSAGE][INFO] - Starting 'Chrome' driver

2023-11-07 12:54:54 - [MESSAGE][INFO] - Action delay is set to 0 milliseconds

2023-11-07 12:55:05 - [MESSAGE][PASSED] - Browser is opened with url: ''

2023-11-07 12:55:05 - [TEST_STEP][PASSED] - maximizeWindow(): Current window maximized

2023-11-07 12:55:05 - [MESSAGE][PASSED] - Current window maximized

2023-11-07 12:55:05 - [TEST_STEP][PASSED] - navigateToUrl("https://demowebshop.tricentis.com/"): Navigate to 'https://demowebshop.tricentis.com/' successfully

2023-11-07 12:55:08 - [MESSAGE][PASSED] - Navigate to 'https://demowebshop.tricentis.com/' successfully

2023-11-07 12:55:08 - [TEST_STEP][PASSED] - executeJavaScript("window.scrollTo(0, document.body.scrollHeight)", null): Execute JavaScript 'window.scrollTo(0, document.body.scrollHeight)' successfully

2023-11-07 12:55:08 - [MESSAGE][PASSED] - Execute JavaScript 'window.scrollTo(0, document.body.scrollHeight)' successfully

2023-11-07 12:55:08 - [TEST_STEP][PASSED] - click(findTestObject("Object Repository/Login_CICD/Page_Demo Web Shop/a_Log in")): Object: 'Object Repository/Login_CICD/Page_Demo Web Shop/a_Log in' is clicked on

2023-11-07 12:55:09 - [MESSAGE][PASSED] - Object: 'Object Repository/Login_CICD/Page_Demo Web Shop/a_Log in' is clicked on

2023-11-07 12:55:09 - [TEST_STEP][PASSED] - setText(findTestObject("Object Repository/Login_CICD/Page_Demo Web Shop. Login/input_Email_Email"), "suraj1234@gmail.com"): Text 'suraj1234@gmail.com' is set on object 'Object Repository/Login_CICD/Page_Demo Web Shop. Login/input_Email_Email'

2023-11-07 12:55:10 - [MESSAGE][PASSED] - Text 'suraj1234@gmail.com' is set on object 'Object Repository/Login_CICD/Page_Demo Web Shop. Login/input_Email_Email'

2023-11-07 12:55:10 - [TEST_STEP][PASSED] - setEncryptedText(findTestObject("Object Repository/Login_CICD/Page_Demo Web Shop. Login/input_Password_Password"), "cvW8qx4B2o1WegCEDy41Xg=="): Text ****** has been set on object 'Object Repository/Login_CICD/Page_Demo Web Shop. Login/input_Password_Password'

2023-11-07 12:55:10 - [MESSAGE][PASSED] - Text ****** has been set on object 'Object Repository/Login_CICD/Page_Demo Web Shop. Login/input_Password_Password'

2023-11-07 12:55:10 - [TEST_STEP][PASSED] - click(findTestObject("Object Repository/Login_CICD/Page_Demo Web Shop. Login/input_Forgot password_button-1 login-button")): Object: 'Object Repository/Login_CICD/Page_Demo Web Shop. Login/input_Forgot password_button-1 login-button' is clicked on

2023-11-07 12:55:12 - [MESSAGE][PASSED] - Object: 'Object Repository/Login_CICD/Page_Demo Web Shop. Login/input_Forgot password_button-1 login-button' is clicked on

2023-11-07 12:55:12 - [TEST_STEP][PASSED] - verifyElementPresent(findTestObject("Object Repository/Login_CICD/Page_Demo Web Shop/a_suraj1234gmail.com"), 0): Object 'Object Repository/Login_CICD/Page_Demo Web Shop/a_suraj1234gmail.com' is present

2023-11-07 12:55:12 - [MESSAGE][WARNING] - Timeout '0' is invalid. Using default page load timeout: '30'

2023-11-07 12:55:13 - [MESSAGE][PASSED] - Object 'Object Repository/Login_CICD/Page_Demo Web Shop/a_suraj1234gmail.com' is present

2023-11-07 12:55:13 - [TEST_STEP][PASSED] - click(findTestObject("Object Repository/Login_CICD/Page_Demo Web Shop/a_Log out")): Object: 'Object Repository/Login_CICD/Page_Demo Web Shop/a_Log out' is clicked on

2023-11-07 12:55:14 - [MESSAGE][PASSED] - Object: 'Object Repository/Login_CICD/Page_Demo Web Shop/a_Log out' is clicked on

2023-11-07 12:55:14 - [TEST_STEP][PASSED] - executeJavaScript("window.scrollTo(0, document.body.scrollHeight)", null): Execute JavaScript 'window.scrollTo(0, document.body.scrollHeight)' successfully

2023-11-07 12:55:14 - [MESSAGE][PASSED] - Execute JavaScript 'window.scrollTo(0, document.body.scrollHeight)' successfully

2023-11-07 12:55:14 - [TEST_STEP][PASSED] - closeBrowser(): Browser is closed

2023-11-07 12:55:15 - [MESSAGE][PASSED] - Browser is closed]]></system-out>
         <system-err><![CDATA[]]></system-err>
      </testcase>
      <testcase name="Test Cases/Login_CICD/Login_CICD_Test2" time="14.199" classname="Test Cases/Login_CICD/Login_CICD_Test2" status="PASSED">
         <system-out><![CDATA[2023-11-07 12:55:15 - [TEST_CASE][PASSED] - Test Cases/Login_CICD/Login_CICD_Test2: Test Cases/Login_CICD/Login_CICD_Test2

2023-11-07 12:55:16 - [TEST_STEP][PASSED] - openBrowser(""): Browser is opened with url: ''

2023-11-07 12:55:16 - [MESSAGE][INFO] - Starting 'Chrome' driver

2023-11-07 12:55:16 - [MESSAGE][INFO] - Action delay is set to 0 milliseconds

2023-11-07 12:55:19 - [MESSAGE][PASSED] - Browser is opened with url: ''

2023-11-07 12:55:19 - [TEST_STEP][PASSED] - maximizeWindow(): Current window maximized

2023-11-07 12:55:19 - [MESSAGE][PASSED] - Current window maximized

2023-11-07 12:55:19 - [TEST_STEP][PASSED] - navigateToUrl("https://demowebshop.tricentis.com/"): Navigate to 'https://demowebshop.tricentis.com/' successfully

2023-11-07 12:55:22 - [MESSAGE][PASSED] - Navigate to 'https://demowebshop.tricentis.com/' successfully

2023-11-07 12:55:22 - [TEST_STEP][PASSED] - click(findTestObject("Object Repository/Login_CICD/Page_Demo Web Shop/a_Log in")): Object: 'Object Repository/Login_CICD/Page_Demo Web Shop/a_Log in' is clicked on

2023-11-07 12:55:24 - [MESSAGE][PASSED] - Object: 'Object Repository/Login_CICD/Page_Demo Web Shop/a_Log in' is clicked on

2023-11-07 12:55:24 - [TEST_STEP][PASSED] - setText(findTestObject("Object Repository/Login_CICD/Page_Demo Web Shop. Login/input_Email_Email"), "suraj1234@gmail.com"): Text 'suraj1234@gmail.com' is set on object 'Object Repository/Login_CICD/Page_Demo Web Shop. Login/input_Email_Email'

2023-11-07 12:55:25 - [MESSAGE][PASSED] - Text 'suraj1234@gmail.com' is set on object 'Object Repository/Login_CICD/Page_Demo Web Shop. Login/input_Email_Email'

2023-11-07 12:55:25 - [TEST_STEP][PASSED] - setEncryptedText(findTestObject("Object Repository/Login_CICD/Page_Demo Web Shop. Login/input_Password_Password"), "cvW8qx4B2o1WegCEDy41Xg=="): Text ****** has been set on object 'Object Repository/Login_CICD/Page_Demo Web Shop. Login/input_Password_Password'

2023-11-07 12:55:25 - [MESSAGE][PASSED] - Text ****** has been set on object 'Object Repository/Login_CICD/Page_Demo Web Shop. Login/input_Password_Password'

2023-11-07 12:55:25 - [TEST_STEP][PASSED] - click(findTestObject("Object Repository/Login_CICD/Page_Demo Web Shop. Login/input_Forgot password_button-1 login-button")): Object: 'Object Repository/Login_CICD/Page_Demo Web Shop. Login/input_Forgot password_button-1 login-button' is clicked on

2023-11-07 12:55:26 - [MESSAGE][PASSED] - Object: 'Object Repository/Login_CICD/Page_Demo Web Shop. Login/input_Forgot password_button-1 login-button' is clicked on

2023-11-07 12:55:26 - [TEST_STEP][PASSED] - verifyElementPresent(findTestObject("Object Repository/Login_CICD/Page_Demo Web Shop/a_suraj1234gmail.com"), 0): Object 'Object Repository/Login_CICD/Page_Demo Web Shop/a_suraj1234gmail.com' is present

2023-11-07 12:55:26 - [MESSAGE][WARNING] - Timeout '0' is invalid. Using default page load timeout: '30'

2023-11-07 12:55:27 - [MESSAGE][PASSED] - Object 'Object Repository/Login_CICD/Page_Demo Web Shop/a_suraj1234gmail.com' is present

2023-11-07 12:55:27 - [TEST_STEP][PASSED] - click(findTestObject("Object Repository/Login_CICD/Page_Demo Web Shop/a_Log out")): Object: 'Object Repository/Login_CICD/Page_Demo Web Shop/a_Log out' is clicked on

2023-11-07 12:55:28 - [MESSAGE][PASSED] - Object: 'Object Repository/Login_CICD/Page_Demo Web Shop/a_Log out' is clicked on

2023-11-07 12:55:28 - [TEST_STEP][PASSED] - closeBrowser(): Browser is closed

2023-11-07 12:55:29 - [MESSAGE][PASSED] - Browser is closed]]></system-out>
         <system-err><![CDATA[]]></system-err>
      </testcase>
      <testcase name="Test Cases/Login_CICD/Login_CICD_Test3" time="13.74" classname="Test Cases/Login_CICD/Login_CICD_Test3" status="PASSED">
         <system-out><![CDATA[2023-11-07 12:55:29 - [TEST_CASE][PASSED] - Test Cases/Login_CICD/Login_CICD_Test3: Test Cases/Login_CICD/Login_CICD_Test3

2023-11-07 12:55:30 - [TEST_STEP][PASSED] - openBrowser(""): Browser is opened with url: ''

2023-11-07 12:55:30 - [MESSAGE][INFO] - Starting 'Chrome' driver

2023-11-07 12:55:30 - [MESSAGE][INFO] - Action delay is set to 0 milliseconds

2023-11-07 12:55:34 - [MESSAGE][PASSED] - Browser is opened with url: ''

2023-11-07 12:55:34 - [TEST_STEP][PASSED] - maximizeWindow(): Current window maximized

2023-11-07 12:55:34 - [MESSAGE][PASSED] - Current window maximized

2023-11-07 12:55:34 - [TEST_STEP][PASSED] - navigateToUrl("https://demowebshop.tricentis.com/"): Navigate to 'https://demowebshop.tricentis.com/' successfully

2023-11-07 12:55:37 - [MESSAGE][PASSED] - Navigate to 'https://demowebshop.tricentis.com/' successfully

2023-11-07 12:55:37 - [TEST_STEP][PASSED] - click(findTestObject("Object Repository/Login_CICD/Page_Demo Web Shop/a_Log in")): Object: 'Object Repository/Login_CICD/Page_Demo Web Shop/a_Log in' is clicked on

2023-11-07 12:55:38 - [MESSAGE][PASSED] - Object: 'Object Repository/Login_CICD/Page_Demo Web Shop/a_Log in' is clicked on

2023-11-07 12:55:38 - [TEST_STEP][PASSED] - setText(findTestObject("Object Repository/Login_CICD/Page_Demo Web Shop. Login/input_Email_Email"), "suraj1234@gmail.com"): Text 'suraj1234@gmail.com' is set on object 'Object Repository/Login_CICD/Page_Demo Web Shop. Login/input_Email_Email'

2023-11-07 12:55:38 - [MESSAGE][PASSED] - Text 'suraj1234@gmail.com' is set on object 'Object Repository/Login_CICD/Page_Demo Web Shop. Login/input_Email_Email'

2023-11-07 12:55:38 - [TEST_STEP][PASSED] - setEncryptedText(findTestObject("Object Repository/Login_CICD/Page_Demo Web Shop. Login/input_Password_Password"), "cvW8qx4B2o1WegCEDy41Xg=="): Text ****** has been set on object 'Object Repository/Login_CICD/Page_Demo Web Shop. Login/input_Password_Password'

2023-11-07 12:55:39 - [MESSAGE][PASSED] - Text ****** has been set on object 'Object Repository/Login_CICD/Page_Demo Web Shop. Login/input_Password_Password'

2023-11-07 12:55:39 - [TEST_STEP][PASSED] - click(findTestObject("Object Repository/Login_CICD/Page_Demo Web Shop. Login/input_Forgot password_button-1 login-button")): Object: 'Object Repository/Login_CICD/Page_Demo Web Shop. Login/input_Forgot password_button-1 login-button' is clicked on

2023-11-07 12:55:40 - [MESSAGE][PASSED] - Object: 'Object Repository/Login_CICD/Page_Demo Web Shop. Login/input_Forgot password_button-1 login-button' is clicked on

2023-11-07 12:55:40 - [TEST_STEP][PASSED] - verifyElementPresent(findTestObject("Object Repository/Login_CICD/Page_Demo Web Shop/a_suraj1234gmail.com"), 0): Object 'Object Repository/Login_CICD/Page_Demo Web Shop/a_suraj1234gmail.com' is present

2023-11-07 12:55:40 - [MESSAGE][WARNING] - Timeout '0' is invalid. Using default page load timeout: '30'

2023-11-07 12:55:40 - [MESSAGE][PASSED] - Object 'Object Repository/Login_CICD/Page_Demo Web Shop/a_suraj1234gmail.com' is present

2023-11-07 12:55:40 - [TEST_STEP][PASSED] - click(findTestObject("Object Repository/Login_CICD/Page_Demo Web Shop/a_Log out")): Object: 'Object Repository/Login_CICD/Page_Demo Web Shop/a_Log out' is clicked on

2023-11-07 12:55:42 - [MESSAGE][PASSED] - Object: 'Object Repository/Login_CICD/Page_Demo Web Shop/a_Log out' is clicked on

2023-11-07 12:55:42 - [TEST_STEP][PASSED] - closeBrowser(): Browser is closed

2023-11-07 12:55:43 - [MESSAGE][PASSED] - Browser is closed]]></system-out>
         <system-err><![CDATA[]]></system-err>
      </testcase>
      <system-out><![CDATA[2023-11-07 12:54:52 - [TEST_SUITE][PASSED] - Login_CICD_Test Suite1: Test Cases/Login_CICD/Login_CICD_Test3]]></system-out>
      <system-err><![CDATA[]]></system-err>
   </testsuite>
</testsuites>
