<?xml version="1.0" encoding="UTF-8"?>
<testsuites name="Login_CICD_Test Suite1" time="40.426" tests="3" failures="0" errors="0">
   <testsuite name="Login_CICD_Test Suite1" tests="3" failures="0" errors="0" time="40.426" skipped="0" timestamp="2023-11-03 17:40:54" hostname="Suraj.Phartade - LP-MUM-0X108326.IN.COFORGETECH.COM" id="Test Suites/Login_CICD_Test Suite/Login_CICD_Test Suite1">
      <properties>
         <property name="deviceName" value=""/>
         <property name="devicePlatform" value=""/>
         <property name="logFolder" value="C:\\Users\\Suraj.Phartade\\git\\KatalonCICD-TestDemo\\Reports\\20231103_174045\\Login_CICD_Test Suite\\Login_CICD_Test Suite1\\20231103_174046"/>
         <property name="logFiles" value="C:\\Users\\Suraj.Phartade\\git\\KatalonCICD-TestDemo\\Reports\\20231103_174045\\Login_CICD_Test Suite\\Login_CICD_Test Suite1\\20231103_174046\\execution0.log"/>
         <property name="attachments" value=""/>
         <property name="hostName" value="Suraj.Phartade - LP-MUM-0X108326.IN.COFORGETECH.COM"/>
         <property name="os" value="Windows 10 64bit"/>
         <property name="katalonVersion" value="8.6.8.208"/>
         <property name="browser" value="Chrome 118.0.0.0"/>
         <property name="hostAddress" value="192.168.162.220"/>
         <property name="sessionId" value="9c9291f903ad42330befcf158d22cdd6"/>
         <property name="seleniumVersion" value="3.141.59"/>
         <property name="proxyInformation" value="ProxyInformation { proxyOption=NO_PROXY, proxyServerType=HTTP, username=, password=********, proxyServerAddress=, proxyServerPort=0, executionList=&quot;&quot;, isApplyToDesiredCapabilities=true }"/>
         <property name="platform" value="Windows 10"/>
      </properties>
      <testcase name="Test Cases/Login_CICD/Login_CICD_Test1" time="16.293" classname="Test Cases/Login_CICD/Login_CICD_Test1" status="PASSED">
         <system-out><![CDATA[2023-11-03 17:40:55 - [TEST_CASE][PASSED] - Test Cases/Login_CICD/Login_CICD_Test1: Test Cases/Login_CICD/Login_CICD_Test1

2023-11-03 17:40:55 - [TEST_STEP][PASSED] - openBrowser(""): Browser is opened with url: ''

2023-11-03 17:40:56 - [MESSAGE][INFO] - Starting 'Chrome' driver

2023-11-03 17:40:56 - [MESSAGE][INFO] - Action delay is set to 0 milliseconds

2023-11-03 17:41:00 - [MESSAGE][PASSED] - Browser is opened with url: ''

2023-11-03 17:41:00 - [TEST_STEP][PASSED] - maximizeWindow(): Current window maximized

2023-11-03 17:41:01 - [MESSAGE][PASSED] - Current window maximized

2023-11-03 17:41:01 - [TEST_STEP][PASSED] - navigateToUrl("https://demowebshop.tricentis.com/"): Navigate to 'https://demowebshop.tricentis.com/' successfully

2023-11-03 17:41:04 - [MESSAGE][PASSED] - Navigate to 'https://demowebshop.tricentis.com/' successfully

2023-11-03 17:41:04 - [TEST_STEP][PASSED] - click(findTestObject("Object Repository/Login_CICD/Page_Demo Web Shop/a_Log in")): Object: 'Object Repository/Login_CICD/Page_Demo Web Shop/a_Log in' is clicked on

2023-11-03 17:41:05 - [MESSAGE][PASSED] - Object: 'Object Repository/Login_CICD/Page_Demo Web Shop/a_Log in' is clicked on

2023-11-03 17:41:05 - [TEST_STEP][PASSED] - setText(findTestObject("Object Repository/Login_CICD/Page_Demo Web Shop. Login/input_Email_Email"), "suraj1234@gmail.com"): Text 'suraj1234@gmail.com' is set on object 'Object Repository/Login_CICD/Page_Demo Web Shop. Login/input_Email_Email'

2023-11-03 17:41:06 - [MESSAGE][PASSED] - Text 'suraj1234@gmail.com' is set on object 'Object Repository/Login_CICD/Page_Demo Web Shop. Login/input_Email_Email'

2023-11-03 17:41:06 - [TEST_STEP][PASSED] - setEncryptedText(findTestObject("Object Repository/Login_CICD/Page_Demo Web Shop. Login/input_Password_Password"), "cvW8qx4B2o1WegCEDy41Xg=="): Text ****** has been set on object 'Object Repository/Login_CICD/Page_Demo Web Shop. Login/input_Password_Password'

2023-11-03 17:41:06 - [MESSAGE][PASSED] - Text ****** has been set on object 'Object Repository/Login_CICD/Page_Demo Web Shop. Login/input_Password_Password'

2023-11-03 17:41:06 - [TEST_STEP][PASSED] - click(findTestObject("Object Repository/Login_CICD/Page_Demo Web Shop. Login/input_Forgot password_button-1 login-button")): Object: 'Object Repository/Login_CICD/Page_Demo Web Shop. Login/input_Forgot password_button-1 login-button' is clicked on

2023-11-03 17:41:08 - [MESSAGE][PASSED] - Object: 'Object Repository/Login_CICD/Page_Demo Web Shop. Login/input_Forgot password_button-1 login-button' is clicked on

2023-11-03 17:41:08 - [TEST_STEP][PASSED] - verifyElementPresent(findTestObject("Object Repository/Login_CICD/Page_Demo Web Shop/a_suraj1234gmail.com"), 0): Object 'Object Repository/Login_CICD/Page_Demo Web Shop/a_suraj1234gmail.com' is present

2023-11-03 17:41:08 - [MESSAGE][WARNING] - Timeout '0' is invalid. Using default page load timeout: '30'

2023-11-03 17:41:08 - [MESSAGE][PASSED] - Object 'Object Repository/Login_CICD/Page_Demo Web Shop/a_suraj1234gmail.com' is present

2023-11-03 17:41:08 - [TEST_STEP][PASSED] - click(findTestObject("Object Repository/Login_CICD/Page_Demo Web Shop/a_Log out")): Object: 'Object Repository/Login_CICD/Page_Demo Web Shop/a_Log out' is clicked on

2023-11-03 17:41:10 - [MESSAGE][PASSED] - Object: 'Object Repository/Login_CICD/Page_Demo Web Shop/a_Log out' is clicked on

2023-11-03 17:41:10 - [TEST_STEP][PASSED] - closeBrowser(): Browser is closed

2023-11-03 17:41:11 - [MESSAGE][PASSED] - Browser is closed]]></system-out>
         <system-err><![CDATA[]]></system-err>
      </testcase>
      <testcase name="Test Cases/Login_CICD/Login_CICD_Test2" time="11.922" classname="Test Cases/Login_CICD/Login_CICD_Test2" status="PASSED">
         <system-out><![CDATA[2023-11-03 17:41:11 - [TEST_CASE][PASSED] - Test Cases/Login_CICD/Login_CICD_Test2: Test Cases/Login_CICD/Login_CICD_Test2

2023-11-03 17:41:11 - [TEST_STEP][PASSED] - openBrowser(""): Browser is opened with url: ''

2023-11-03 17:41:11 - [MESSAGE][INFO] - Starting 'Chrome' driver

2023-11-03 17:41:11 - [MESSAGE][INFO] - Action delay is set to 0 milliseconds

2023-11-03 17:41:14 - [MESSAGE][PASSED] - Browser is opened with url: ''

2023-11-03 17:41:14 - [TEST_STEP][PASSED] - maximizeWindow(): Current window maximized

2023-11-03 17:41:14 - [MESSAGE][PASSED] - Current window maximized

2023-11-03 17:41:14 - [TEST_STEP][PASSED] - navigateToUrl("https://demowebshop.tricentis.com/"): Navigate to 'https://demowebshop.tricentis.com/' successfully

2023-11-03 17:41:16 - [MESSAGE][PASSED] - Navigate to 'https://demowebshop.tricentis.com/' successfully

2023-11-03 17:41:16 - [TEST_STEP][PASSED] - click(findTestObject("Object Repository/Login_CICD/Page_Demo Web Shop/a_Log in")): Object: 'Object Repository/Login_CICD/Page_Demo Web Shop/a_Log in' is clicked on

2023-11-03 17:41:17 - [MESSAGE][PASSED] - Object: 'Object Repository/Login_CICD/Page_Demo Web Shop/a_Log in' is clicked on

2023-11-03 17:41:17 - [TEST_STEP][PASSED] - setText(findTestObject("Object Repository/Login_CICD/Page_Demo Web Shop. Login/input_Email_Email"), "suraj1234@gmail.com"): Text 'suraj1234@gmail.com' is set on object 'Object Repository/Login_CICD/Page_Demo Web Shop. Login/input_Email_Email'

2023-11-03 17:41:18 - [MESSAGE][PASSED] - Text 'suraj1234@gmail.com' is set on object 'Object Repository/Login_CICD/Page_Demo Web Shop. Login/input_Email_Email'

2023-11-03 17:41:18 - [TEST_STEP][PASSED] - setEncryptedText(findTestObject("Object Repository/Login_CICD/Page_Demo Web Shop. Login/input_Password_Password"), "cvW8qx4B2o1WegCEDy41Xg=="): Text ****** has been set on object 'Object Repository/Login_CICD/Page_Demo Web Shop. Login/input_Password_Password'

2023-11-03 17:41:19 - [MESSAGE][PASSED] - Text ****** has been set on object 'Object Repository/Login_CICD/Page_Demo Web Shop. Login/input_Password_Password'

2023-11-03 17:41:19 - [TEST_STEP][PASSED] - click(findTestObject("Object Repository/Login_CICD/Page_Demo Web Shop. Login/input_Forgot password_button-1 login-button")): Object: 'Object Repository/Login_CICD/Page_Demo Web Shop. Login/input_Forgot password_button-1 login-button' is clicked on

2023-11-03 17:41:20 - [MESSAGE][PASSED] - Object: 'Object Repository/Login_CICD/Page_Demo Web Shop. Login/input_Forgot password_button-1 login-button' is clicked on

2023-11-03 17:41:20 - [TEST_STEP][PASSED] - verifyElementPresent(findTestObject("Object Repository/Login_CICD/Page_Demo Web Shop/a_suraj1234gmail.com"), 0): Object 'Object Repository/Login_CICD/Page_Demo Web Shop/a_suraj1234gmail.com' is present

2023-11-03 17:41:20 - [MESSAGE][WARNING] - Timeout '0' is invalid. Using default page load timeout: '30'

2023-11-03 17:41:20 - [MESSAGE][PASSED] - Object 'Object Repository/Login_CICD/Page_Demo Web Shop/a_suraj1234gmail.com' is present

2023-11-03 17:41:20 - [TEST_STEP][PASSED] - click(findTestObject("Object Repository/Login_CICD/Page_Demo Web Shop/a_Log out")): Object: 'Object Repository/Login_CICD/Page_Demo Web Shop/a_Log out' is clicked on

2023-11-03 17:41:22 - [MESSAGE][PASSED] - Object: 'Object Repository/Login_CICD/Page_Demo Web Shop/a_Log out' is clicked on

2023-11-03 17:41:22 - [TEST_STEP][PASSED] - closeBrowser(): Browser is closed

2023-11-03 17:41:23 - [MESSAGE][PASSED] - Browser is closed]]></system-out>
         <system-err><![CDATA[]]></system-err>
      </testcase>
      <testcase name="Test Cases/Login_CICD/Login_CICD_Test3" time="11.823" classname="Test Cases/Login_CICD/Login_CICD_Test3" status="PASSED">
         <system-out><![CDATA[2023-11-03 17:41:23 - [TEST_CASE][PASSED] - Test Cases/Login_CICD/Login_CICD_Test3: Test Cases/Login_CICD/Login_CICD_Test3

2023-11-03 17:41:23 - [TEST_STEP][PASSED] - openBrowser(""): Browser is opened with url: ''

2023-11-03 17:41:23 - [MESSAGE][INFO] - Starting 'Chrome' driver

2023-11-03 17:41:23 - [MESSAGE][INFO] - Action delay is set to 0 milliseconds

2023-11-03 17:41:26 - [MESSAGE][PASSED] - Browser is opened with url: ''

2023-11-03 17:41:26 - [TEST_STEP][PASSED] - maximizeWindow(): Current window maximized

2023-11-03 17:41:26 - [MESSAGE][PASSED] - Current window maximized

2023-11-03 17:41:26 - [TEST_STEP][PASSED] - navigateToUrl("https://demowebshop.tricentis.com/"): Navigate to 'https://demowebshop.tricentis.com/' successfully

2023-11-03 17:41:28 - [MESSAGE][PASSED] - Navigate to 'https://demowebshop.tricentis.com/' successfully

2023-11-03 17:41:28 - [TEST_STEP][PASSED] - click(findTestObject("Object Repository/Login_CICD/Page_Demo Web Shop/a_Log in")): Object: 'Object Repository/Login_CICD/Page_Demo Web Shop/a_Log in' is clicked on

2023-11-03 17:41:29 - [MESSAGE][PASSED] - Object: 'Object Repository/Login_CICD/Page_Demo Web Shop/a_Log in' is clicked on

2023-11-03 17:41:29 - [TEST_STEP][PASSED] - setText(findTestObject("Object Repository/Login_CICD/Page_Demo Web Shop. Login/input_Email_Email"), "suraj1234@gmail.com"): Text 'suraj1234@gmail.com' is set on object 'Object Repository/Login_CICD/Page_Demo Web Shop. Login/input_Email_Email'

2023-11-03 17:41:30 - [MESSAGE][PASSED] - Text 'suraj1234@gmail.com' is set on object 'Object Repository/Login_CICD/Page_Demo Web Shop. Login/input_Email_Email'

2023-11-03 17:41:30 - [TEST_STEP][PASSED] - setEncryptedText(findTestObject("Object Repository/Login_CICD/Page_Demo Web Shop. Login/input_Password_Password"), "cvW8qx4B2o1WegCEDy41Xg=="): Text ****** has been set on object 'Object Repository/Login_CICD/Page_Demo Web Shop. Login/input_Password_Password'

2023-11-03 17:41:31 - [MESSAGE][PASSED] - Text ****** has been set on object 'Object Repository/Login_CICD/Page_Demo Web Shop. Login/input_Password_Password'

2023-11-03 17:41:31 - [TEST_STEP][PASSED] - click(findTestObject("Object Repository/Login_CICD/Page_Demo Web Shop. Login/input_Forgot password_button-1 login-button")): Object: 'Object Repository/Login_CICD/Page_Demo Web Shop. Login/input_Forgot password_button-1 login-button' is clicked on

2023-11-03 17:41:32 - [MESSAGE][PASSED] - Object: 'Object Repository/Login_CICD/Page_Demo Web Shop. Login/input_Forgot password_button-1 login-button' is clicked on

2023-11-03 17:41:32 - [TEST_STEP][PASSED] - verifyElementPresent(findTestObject("Object Repository/Login_CICD/Page_Demo Web Shop/a_suraj1234gmail.com"), 0): Object 'Object Repository/Login_CICD/Page_Demo Web Shop/a_suraj1234gmail.com' is present

2023-11-03 17:41:32 - [MESSAGE][WARNING] - Timeout '0' is invalid. Using default page load timeout: '30'

2023-11-03 17:41:32 - [MESSAGE][PASSED] - Object 'Object Repository/Login_CICD/Page_Demo Web Shop/a_suraj1234gmail.com' is present

2023-11-03 17:41:32 - [TEST_STEP][PASSED] - click(findTestObject("Object Repository/Login_CICD/Page_Demo Web Shop/a_Log out")): Object: 'Object Repository/Login_CICD/Page_Demo Web Shop/a_Log out' is clicked on

2023-11-03 17:41:33 - [MESSAGE][PASSED] - Object: 'Object Repository/Login_CICD/Page_Demo Web Shop/a_Log out' is clicked on

2023-11-03 17:41:33 - [TEST_STEP][PASSED] - closeBrowser(): Browser is closed

2023-11-03 17:41:35 - [MESSAGE][PASSED] - Browser is closed]]></system-out>
         <system-err><![CDATA[]]></system-err>
      </testcase>
      <system-out><![CDATA[2023-11-03 17:40:54 - [TEST_SUITE][PASSED] - Login_CICD_Test Suite1: Test Cases/Login_CICD/Login_CICD_Test3]]></system-out>
      <system-err><![CDATA[]]></system-err>
   </testsuite>
</testsuites>
