<?xml version="1.0" encoding="UTF-8"?>
<testsuites name="Login_CICD_Test Suite1" time="40.493" tests="3" failures="0" errors="0">
   <testsuite name="Login_CICD_Test Suite1" tests="3" failures="0" errors="0" time="40.493" skipped="0" timestamp="2023-11-04 18:06:41" hostname="Suraj.Phartade - LP-MUM-0X108326.IN.COFORGETECH.COM" id="Test Suites/Login_CICD_Test Suite/Login_CICD_Test Suite1">
      <properties>
         <property name="deviceName" value=""/>
         <property name="devicePlatform" value=""/>
         <property name="logFolder" value="C:\\Users\\Suraj.Phartade\\git\\KatalonCICD-TestDemo\\Reports\\20231104_180630\\Login_CICD_Test Suite\\Login_CICD_Test Suite1\\20231104_180630"/>
         <property name="logFiles" value="C:\\Users\\Suraj.Phartade\\git\\KatalonCICD-TestDemo\\Reports\\20231104_180630\\Login_CICD_Test Suite\\Login_CICD_Test Suite1\\20231104_180630\\execution0.log"/>
         <property name="attachments" value=""/>
         <property name="hostName" value="Suraj.Phartade - LP-MUM-0X108326.IN.COFORGETECH.COM"/>
         <property name="os" value="Windows 10 64bit"/>
         <property name="katalonVersion" value="8.6.8.208"/>
         <property name="browser" value="Chrome 118.0.0.0"/>
         <property name="hostAddress" value="192.168.160.106"/>
         <property name="sessionId" value="962134abda03b168aa3b905619730a7a"/>
         <property name="seleniumVersion" value="3.141.59"/>
         <property name="proxyInformation" value="ProxyInformation { proxyOption=NO_PROXY, proxyServerType=HTTP, username=, password=********, proxyServerAddress=, proxyServerPort=0, executionList=&quot;&quot;, isApplyToDesiredCapabilities=true }"/>
         <property name="platform" value="Windows 10"/>
      </properties>
      <testcase name="Test Cases/Login_CICD/Login_CICD_Test1" time="13.935" classname="Test Cases/Login_CICD/Login_CICD_Test1" status="PASSED">
         <system-out><![CDATA[2023-11-04 18:06:41 - [TEST_CASE][PASSED] - Test Cases/Login_CICD/Login_CICD_Test1: Test Cases/Login_CICD/Login_CICD_Test1

2023-11-04 18:06:41 - [TEST_STEP][PASSED] - openBrowser(""): Browser is opened with url: ''

2023-11-04 18:06:42 - [MESSAGE][INFO] - Starting 'Chrome' driver

2023-11-04 18:06:42 - [MESSAGE][INFO] - Action delay is set to 0 milliseconds

2023-11-04 18:06:46 - [MESSAGE][PASSED] - Browser is opened with url: ''

2023-11-04 18:06:46 - [TEST_STEP][PASSED] - maximizeWindow(): Current window maximized

2023-11-04 18:06:46 - [MESSAGE][PASSED] - Current window maximized

2023-11-04 18:06:46 - [TEST_STEP][PASSED] - navigateToUrl("https://demowebshop.tricentis.com/"): Navigate to 'https://demowebshop.tricentis.com/' successfully

2023-11-04 18:06:49 - [MESSAGE][PASSED] - Navigate to 'https://demowebshop.tricentis.com/' successfully

2023-11-04 18:06:49 - [TEST_STEP][PASSED] - executeJavaScript("window.scrollTo(0, document.body.scrollHeight)", null): Execute JavaScript 'window.scrollTo(0, document.body.scrollHeight)' successfully

2023-11-04 18:06:49 - [MESSAGE][PASSED] - Execute JavaScript 'window.scrollTo(0, document.body.scrollHeight)' successfully

2023-11-04 18:06:49 - [TEST_STEP][PASSED] - click(findTestObject("Object Repository/Login_CICD/Page_Demo Web Shop/a_Log in")): Object: 'Object Repository/Login_CICD/Page_Demo Web Shop/a_Log in' is clicked on

2023-11-04 18:06:50 - [MESSAGE][PASSED] - Object: 'Object Repository/Login_CICD/Page_Demo Web Shop/a_Log in' is clicked on

2023-11-04 18:06:50 - [TEST_STEP][PASSED] - setText(findTestObject("Object Repository/Login_CICD/Page_Demo Web Shop. Login/input_Email_Email"), "suraj1234@gmail.com"): Text 'suraj1234@gmail.com' is set on object 'Object Repository/Login_CICD/Page_Demo Web Shop. Login/input_Email_Email'

2023-11-04 18:06:50 - [MESSAGE][PASSED] - Text 'suraj1234@gmail.com' is set on object 'Object Repository/Login_CICD/Page_Demo Web Shop. Login/input_Email_Email'

2023-11-04 18:06:50 - [TEST_STEP][PASSED] - setEncryptedText(findTestObject("Object Repository/Login_CICD/Page_Demo Web Shop. Login/input_Password_Password"), "cvW8qx4B2o1WegCEDy41Xg=="): Text ****** has been set on object 'Object Repository/Login_CICD/Page_Demo Web Shop. Login/input_Password_Password'

2023-11-04 18:06:51 - [MESSAGE][PASSED] - Text ****** has been set on object 'Object Repository/Login_CICD/Page_Demo Web Shop. Login/input_Password_Password'

2023-11-04 18:06:51 - [TEST_STEP][PASSED] - click(findTestObject("Object Repository/Login_CICD/Page_Demo Web Shop. Login/input_Forgot password_button-1 login-button")): Object: 'Object Repository/Login_CICD/Page_Demo Web Shop. Login/input_Forgot password_button-1 login-button' is clicked on

2023-11-04 18:06:52 - [MESSAGE][PASSED] - Object: 'Object Repository/Login_CICD/Page_Demo Web Shop. Login/input_Forgot password_button-1 login-button' is clicked on

2023-11-04 18:06:52 - [TEST_STEP][PASSED] - verifyElementPresent(findTestObject("Object Repository/Login_CICD/Page_Demo Web Shop/a_suraj1234gmail.com"), 0): Object 'Object Repository/Login_CICD/Page_Demo Web Shop/a_suraj1234gmail.com' is present

2023-11-04 18:06:52 - [MESSAGE][WARNING] - Timeout '0' is invalid. Using default page load timeout: '30'

2023-11-04 18:06:53 - [MESSAGE][PASSED] - Object 'Object Repository/Login_CICD/Page_Demo Web Shop/a_suraj1234gmail.com' is present

2023-11-04 18:06:53 - [TEST_STEP][PASSED] - click(findTestObject("Object Repository/Login_CICD/Page_Demo Web Shop/a_Log out")): Object: 'Object Repository/Login_CICD/Page_Demo Web Shop/a_Log out' is clicked on

2023-11-04 18:06:54 - [MESSAGE][PASSED] - Object: 'Object Repository/Login_CICD/Page_Demo Web Shop/a_Log out' is clicked on

2023-11-04 18:06:54 - [TEST_STEP][PASSED] - executeJavaScript("window.scrollTo(0, document.body.scrollHeight)", null): Execute JavaScript 'window.scrollTo(0, document.body.scrollHeight)' successfully

2023-11-04 18:06:54 - [MESSAGE][PASSED] - Execute JavaScript 'window.scrollTo(0, document.body.scrollHeight)' successfully

2023-11-04 18:06:54 - [TEST_STEP][PASSED] - closeBrowser(): Browser is closed

2023-11-04 18:06:55 - [MESSAGE][PASSED] - Browser is closed]]></system-out>
         <system-err><![CDATA[]]></system-err>
      </testcase>
      <testcase name="Test Cases/Login_CICD/Login_CICD_Test2" time="12.728" classname="Test Cases/Login_CICD/Login_CICD_Test2" status="PASSED">
         <system-out><![CDATA[2023-11-04 18:06:55 - [TEST_CASE][PASSED] - Test Cases/Login_CICD/Login_CICD_Test2: Test Cases/Login_CICD/Login_CICD_Test2

2023-11-04 18:06:55 - [TEST_STEP][PASSED] - openBrowser(""): Browser is opened with url: ''

2023-11-04 18:06:55 - [MESSAGE][INFO] - Starting 'Chrome' driver

2023-11-04 18:06:55 - [MESSAGE][INFO] - Action delay is set to 0 milliseconds

2023-11-04 18:06:58 - [MESSAGE][PASSED] - Browser is opened with url: ''

2023-11-04 18:06:58 - [TEST_STEP][PASSED] - maximizeWindow(): Current window maximized

2023-11-04 18:06:58 - [MESSAGE][PASSED] - Current window maximized

2023-11-04 18:06:58 - [TEST_STEP][PASSED] - navigateToUrl("https://demowebshop.tricentis.com/"): Navigate to 'https://demowebshop.tricentis.com/' successfully

2023-11-04 18:07:01 - [MESSAGE][PASSED] - Navigate to 'https://demowebshop.tricentis.com/' successfully

2023-11-04 18:07:01 - [TEST_STEP][PASSED] - click(findTestObject("Object Repository/Login_CICD/Page_Demo Web Shop/a_Log in")): Object: 'Object Repository/Login_CICD/Page_Demo Web Shop/a_Log in' is clicked on

2023-11-04 18:07:02 - [MESSAGE][PASSED] - Object: 'Object Repository/Login_CICD/Page_Demo Web Shop/a_Log in' is clicked on

2023-11-04 18:07:02 - [TEST_STEP][PASSED] - setText(findTestObject("Object Repository/Login_CICD/Page_Demo Web Shop. Login/input_Email_Email"), "suraj1234@gmail.com"): Text 'suraj1234@gmail.com' is set on object 'Object Repository/Login_CICD/Page_Demo Web Shop. Login/input_Email_Email'

2023-11-04 18:07:03 - [MESSAGE][PASSED] - Text 'suraj1234@gmail.com' is set on object 'Object Repository/Login_CICD/Page_Demo Web Shop. Login/input_Email_Email'

2023-11-04 18:07:03 - [TEST_STEP][PASSED] - setEncryptedText(findTestObject("Object Repository/Login_CICD/Page_Demo Web Shop. Login/input_Password_Password"), "cvW8qx4B2o1WegCEDy41Xg=="): Text ****** has been set on object 'Object Repository/Login_CICD/Page_Demo Web Shop. Login/input_Password_Password'

2023-11-04 18:07:03 - [MESSAGE][PASSED] - Text ****** has been set on object 'Object Repository/Login_CICD/Page_Demo Web Shop. Login/input_Password_Password'

2023-11-04 18:07:03 - [TEST_STEP][PASSED] - click(findTestObject("Object Repository/Login_CICD/Page_Demo Web Shop. Login/input_Forgot password_button-1 login-button")): Object: 'Object Repository/Login_CICD/Page_Demo Web Shop. Login/input_Forgot password_button-1 login-button' is clicked on

2023-11-04 18:07:05 - [MESSAGE][PASSED] - Object: 'Object Repository/Login_CICD/Page_Demo Web Shop. Login/input_Forgot password_button-1 login-button' is clicked on

2023-11-04 18:07:05 - [TEST_STEP][PASSED] - verifyElementPresent(findTestObject("Object Repository/Login_CICD/Page_Demo Web Shop/a_suraj1234gmail.com"), 0): Object 'Object Repository/Login_CICD/Page_Demo Web Shop/a_suraj1234gmail.com' is present

2023-11-04 18:07:05 - [MESSAGE][WARNING] - Timeout '0' is invalid. Using default page load timeout: '30'

2023-11-04 18:07:05 - [MESSAGE][PASSED] - Object 'Object Repository/Login_CICD/Page_Demo Web Shop/a_suraj1234gmail.com' is present

2023-11-04 18:07:05 - [TEST_STEP][PASSED] - click(findTestObject("Object Repository/Login_CICD/Page_Demo Web Shop/a_Log out")): Object: 'Object Repository/Login_CICD/Page_Demo Web Shop/a_Log out' is clicked on

2023-11-04 18:07:06 - [MESSAGE][PASSED] - Object: 'Object Repository/Login_CICD/Page_Demo Web Shop/a_Log out' is clicked on

2023-11-04 18:07:06 - [TEST_STEP][PASSED] - closeBrowser(): Browser is closed

2023-11-04 18:07:08 - [MESSAGE][PASSED] - Browser is closed]]></system-out>
         <system-err><![CDATA[]]></system-err>
      </testcase>
      <testcase name="Test Cases/Login_CICD/Login_CICD_Test3" time="13.474" classname="Test Cases/Login_CICD/Login_CICD_Test3" status="PASSED">
         <system-out><![CDATA[2023-11-04 18:07:08 - [TEST_CASE][PASSED] - Test Cases/Login_CICD/Login_CICD_Test3: Test Cases/Login_CICD/Login_CICD_Test3

2023-11-04 18:07:08 - [TEST_STEP][PASSED] - openBrowser(""): Browser is opened with url: ''

2023-11-04 18:07:08 - [MESSAGE][INFO] - Starting 'Chrome' driver

2023-11-04 18:07:08 - [MESSAGE][INFO] - Action delay is set to 0 milliseconds

2023-11-04 18:07:11 - [MESSAGE][PASSED] - Browser is opened with url: ''

2023-11-04 18:07:11 - [TEST_STEP][PASSED] - maximizeWindow(): Current window maximized

2023-11-04 18:07:11 - [MESSAGE][PASSED] - Current window maximized

2023-11-04 18:07:11 - [TEST_STEP][PASSED] - navigateToUrl("https://demowebshop.tricentis.com/"): Navigate to 'https://demowebshop.tricentis.com/' successfully

2023-11-04 18:07:14 - [MESSAGE][PASSED] - Navigate to 'https://demowebshop.tricentis.com/' successfully

2023-11-04 18:07:14 - [TEST_STEP][PASSED] - click(findTestObject("Object Repository/Login_CICD/Page_Demo Web Shop/a_Log in")): Object: 'Object Repository/Login_CICD/Page_Demo Web Shop/a_Log in' is clicked on

2023-11-04 18:07:15 - [MESSAGE][PASSED] - Object: 'Object Repository/Login_CICD/Page_Demo Web Shop/a_Log in' is clicked on

2023-11-04 18:07:15 - [TEST_STEP][PASSED] - setText(findTestObject("Object Repository/Login_CICD/Page_Demo Web Shop. Login/input_Email_Email"), "suraj1234@gmail.com"): Text 'suraj1234@gmail.com' is set on object 'Object Repository/Login_CICD/Page_Demo Web Shop. Login/input_Email_Email'

2023-11-04 18:07:16 - [MESSAGE][PASSED] - Text 'suraj1234@gmail.com' is set on object 'Object Repository/Login_CICD/Page_Demo Web Shop. Login/input_Email_Email'

2023-11-04 18:07:16 - [TEST_STEP][PASSED] - setEncryptedText(findTestObject("Object Repository/Login_CICD/Page_Demo Web Shop. Login/input_Password_Password"), "cvW8qx4B2o1WegCEDy41Xg=="): Text ****** has been set on object 'Object Repository/Login_CICD/Page_Demo Web Shop. Login/input_Password_Password'

2023-11-04 18:07:17 - [MESSAGE][PASSED] - Text ****** has been set on object 'Object Repository/Login_CICD/Page_Demo Web Shop. Login/input_Password_Password'

2023-11-04 18:07:17 - [TEST_STEP][PASSED] - click(findTestObject("Object Repository/Login_CICD/Page_Demo Web Shop. Login/input_Forgot password_button-1 login-button")): Object: 'Object Repository/Login_CICD/Page_Demo Web Shop. Login/input_Forgot password_button-1 login-button' is clicked on

2023-11-04 18:07:18 - [MESSAGE][PASSED] - Object: 'Object Repository/Login_CICD/Page_Demo Web Shop. Login/input_Forgot password_button-1 login-button' is clicked on

2023-11-04 18:07:18 - [TEST_STEP][PASSED] - verifyElementPresent(findTestObject("Object Repository/Login_CICD/Page_Demo Web Shop/a_suraj1234gmail.com"), 0): Object 'Object Repository/Login_CICD/Page_Demo Web Shop/a_suraj1234gmail.com' is present

2023-11-04 18:07:18 - [MESSAGE][WARNING] - Timeout '0' is invalid. Using default page load timeout: '30'

2023-11-04 18:07:18 - [MESSAGE][PASSED] - Object 'Object Repository/Login_CICD/Page_Demo Web Shop/a_suraj1234gmail.com' is present

2023-11-04 18:07:18 - [TEST_STEP][PASSED] - click(findTestObject("Object Repository/Login_CICD/Page_Demo Web Shop/a_Log out")): Object: 'Object Repository/Login_CICD/Page_Demo Web Shop/a_Log out' is clicked on

2023-11-04 18:07:20 - [MESSAGE][PASSED] - Object: 'Object Repository/Login_CICD/Page_Demo Web Shop/a_Log out' is clicked on

2023-11-04 18:07:20 - [TEST_STEP][PASSED] - closeBrowser(): Browser is closed

2023-11-04 18:07:21 - [MESSAGE][PASSED] - Browser is closed]]></system-out>
         <system-err><![CDATA[]]></system-err>
      </testcase>
      <system-out><![CDATA[2023-11-04 18:06:41 - [TEST_SUITE][PASSED] - Login_CICD_Test Suite1: Test Cases/Login_CICD/Login_CICD_Test3]]></system-out>
      <system-err><![CDATA[]]></system-err>
   </testsuite>
</testsuites>
