<?xml version="1.0" encoding="UTF-8"?>
<testsuites name="Login_CICD_Test Suite2" time="65.86" tests="3" failures="0" errors="0">
   <testsuite name="Login_CICD_Test Suite2" tests="3" failures="0" errors="0" time="65.86" skipped="0" timestamp="2023-11-07 13:15:50" hostname="Suraj.Phartade - LP-MUM-0X108326.IN.COFORGETECH.COM" id="Test Suites/Login_CICD_Test Suite/Login_CICD_Test Suite2">
      <properties>
         <property name="deviceName" value=""/>
         <property name="devicePlatform" value=""/>
         <property name="logFolder" value="C:\\Users\\Suraj.Phartade\\git\\KatalonCICD-TestDemo\\Reports\\20231107_131237\\Login_CICD_Test Suite\\Login_CICD_Test Suite2\\20231107_131240"/>
         <property name="logFiles" value="C:\\Users\\Suraj.Phartade\\git\\KatalonCICD-TestDemo\\Reports\\20231107_131237\\Login_CICD_Test Suite\\Login_CICD_Test Suite2\\20231107_131240\\execution0.log"/>
         <property name="attachments" value=""/>
         <property name="hostName" value="Suraj.Phartade - LP-MUM-0X108326.IN.COFORGETECH.COM"/>
         <property name="os" value="Windows 10 64bit"/>
         <property name="katalonVersion" value="8.6.8.208"/>
         <property name="browser" value="Firefox 113.0"/>
         <property name="hostAddress" value="10.253.38.159"/>
         <property name="sessionId" value="b3289105-0c15-41f3-a69a-e32dc7ad7554"/>
         <property name="seleniumVersion" value="3.141.59"/>
         <property name="proxyInformation" value="ProxyInformation { proxyOption=NO_PROXY, proxyServerType=HTTP, username=, password=********, proxyServerAddress=, proxyServerPort=0, executionList=&quot;&quot;, isApplyToDesiredCapabilities=true }"/>
         <property name="platform" value="Windows 10"/>
      </properties>
      <testcase name="Test Cases/Login_CICD/Login_CICD_Test1" time="26.057" classname="Test Cases/Login_CICD/Login_CICD_Test1" status="PASSED">
         <system-out><![CDATA[2023-11-07 13:15:50 - [TEST_CASE][PASSED] - Test Cases/Login_CICD/Login_CICD_Test1: Test Cases/Login_CICD/Login_CICD_Test1

2023-11-07 13:15:50 - [TEST_STEP][PASSED] - openBrowser(""): Browser is opened with url: ''

2023-11-07 13:15:51 - [MESSAGE][INFO] - Starting 'Firefox' driver

2023-11-07 13:15:51 - [MESSAGE][INFO] - Action delay is set to 0 milliseconds

2023-11-07 13:16:00 - [MESSAGE][PASSED] - Browser is opened with url: ''

2023-11-07 13:16:00 - [TEST_STEP][PASSED] - maximizeWindow(): Current window maximized

2023-11-07 13:16:00 - [MESSAGE][PASSED] - Current window maximized

2023-11-07 13:16:00 - [TEST_STEP][PASSED] - navigateToUrl("https://demowebshop.tricentis.com/"): Navigate to 'https://demowebshop.tricentis.com/' successfully

2023-11-07 13:16:08 - [MESSAGE][PASSED] - Navigate to 'https://demowebshop.tricentis.com/' successfully

2023-11-07 13:16:08 - [TEST_STEP][PASSED] - executeJavaScript("window.scrollTo(0, document.body.scrollHeight)", null): Execute JavaScript 'window.scrollTo(0, document.body.scrollHeight)' successfully

2023-11-07 13:16:08 - [MESSAGE][PASSED] - Execute JavaScript 'window.scrollTo(0, document.body.scrollHeight)' successfully

2023-11-07 13:16:08 - [TEST_STEP][PASSED] - click(findTestObject("Object Repository/Login_CICD/Page_Demo Web Shop/a_Log in")): Object: 'Object Repository/Login_CICD/Page_Demo Web Shop/a_Log in' is clicked on

2023-11-07 13:16:09 - [MESSAGE][PASSED] - Object: 'Object Repository/Login_CICD/Page_Demo Web Shop/a_Log in' is clicked on

2023-11-07 13:16:09 - [TEST_STEP][PASSED] - setText(findTestObject("Object Repository/Login_CICD/Page_Demo Web Shop. Login/input_Email_Email"), "suraj1234@gmail.com"): Text 'suraj1234@gmail.com' is set on object 'Object Repository/Login_CICD/Page_Demo Web Shop. Login/input_Email_Email'

2023-11-07 13:16:10 - [MESSAGE][PASSED] - Text 'suraj1234@gmail.com' is set on object 'Object Repository/Login_CICD/Page_Demo Web Shop. Login/input_Email_Email'

2023-11-07 13:16:10 - [TEST_STEP][PASSED] - setEncryptedText(findTestObject("Object Repository/Login_CICD/Page_Demo Web Shop. Login/input_Password_Password"), "cvW8qx4B2o1WegCEDy41Xg=="): Text ****** has been set on object 'Object Repository/Login_CICD/Page_Demo Web Shop. Login/input_Password_Password'

2023-11-07 13:16:11 - [MESSAGE][PASSED] - Text ****** has been set on object 'Object Repository/Login_CICD/Page_Demo Web Shop. Login/input_Password_Password'

2023-11-07 13:16:11 - [TEST_STEP][PASSED] - click(findTestObject("Object Repository/Login_CICD/Page_Demo Web Shop. Login/input_Forgot password_button-1 login-button")): Object: 'Object Repository/Login_CICD/Page_Demo Web Shop. Login/input_Forgot password_button-1 login-button' is clicked on

2023-11-07 13:16:13 - [MESSAGE][PASSED] - Object: 'Object Repository/Login_CICD/Page_Demo Web Shop. Login/input_Forgot password_button-1 login-button' is clicked on

2023-11-07 13:16:13 - [TEST_STEP][PASSED] - verifyElementPresent(findTestObject("Object Repository/Login_CICD/Page_Demo Web Shop/a_suraj1234gmail.com"), 0): Object 'Object Repository/Login_CICD/Page_Demo Web Shop/a_suraj1234gmail.com' is present

2023-11-07 13:16:13 - [MESSAGE][WARNING] - Timeout '0' is invalid. Using default page load timeout: '30'

2023-11-07 13:16:13 - [MESSAGE][PASSED] - Object 'Object Repository/Login_CICD/Page_Demo Web Shop/a_suraj1234gmail.com' is present

2023-11-07 13:16:13 - [TEST_STEP][PASSED] - click(findTestObject("Object Repository/Login_CICD/Page_Demo Web Shop/a_Log out")): Object: 'Object Repository/Login_CICD/Page_Demo Web Shop/a_Log out' is clicked on

2023-11-07 13:16:15 - [MESSAGE][PASSED] - Object: 'Object Repository/Login_CICD/Page_Demo Web Shop/a_Log out' is clicked on

2023-11-07 13:16:15 - [TEST_STEP][PASSED] - executeJavaScript("window.scrollTo(0, document.body.scrollHeight)", null): Execute JavaScript 'window.scrollTo(0, document.body.scrollHeight)' successfully

2023-11-07 13:16:15 - [MESSAGE][PASSED] - Execute JavaScript 'window.scrollTo(0, document.body.scrollHeight)' successfully

2023-11-07 13:16:15 - [TEST_STEP][PASSED] - closeBrowser(): Browser is closed

2023-11-07 13:16:16 - [MESSAGE][PASSED] - Browser is closed]]></system-out>
         <system-err><![CDATA[]]></system-err>
      </testcase>
      <testcase name="Test Cases/Login_CICD/Login_CICD_Test2" time="18.491" classname="Test Cases/Login_CICD/Login_CICD_Test2" status="PASSED">
         <system-out><![CDATA[2023-11-07 13:16:16 - [TEST_CASE][PASSED] - Test Cases/Login_CICD/Login_CICD_Test2: Test Cases/Login_CICD/Login_CICD_Test2

2023-11-07 13:16:16 - [TEST_STEP][PASSED] - openBrowser(""): Browser is opened with url: ''

2023-11-07 13:16:16 - [MESSAGE][INFO] - Starting 'Firefox' driver

2023-11-07 13:16:16 - [MESSAGE][INFO] - Action delay is set to 0 milliseconds

2023-11-07 13:16:20 - [MESSAGE][PASSED] - Browser is opened with url: ''

2023-11-07 13:16:20 - [TEST_STEP][PASSED] - maximizeWindow(): Current window maximized

2023-11-07 13:16:20 - [MESSAGE][PASSED] - Current window maximized

2023-11-07 13:16:20 - [TEST_STEP][PASSED] - navigateToUrl("https://demowebshop.tricentis.com/"): Navigate to 'https://demowebshop.tricentis.com/' successfully

2023-11-07 13:16:27 - [MESSAGE][PASSED] - Navigate to 'https://demowebshop.tricentis.com/' successfully

2023-11-07 13:16:27 - [TEST_STEP][PASSED] - click(findTestObject("Object Repository/Login_CICD/Page_Demo Web Shop/a_Log in")): Object: 'Object Repository/Login_CICD/Page_Demo Web Shop/a_Log in' is clicked on

2023-11-07 13:16:28 - [MESSAGE][PASSED] - Object: 'Object Repository/Login_CICD/Page_Demo Web Shop/a_Log in' is clicked on

2023-11-07 13:16:28 - [TEST_STEP][PASSED] - setText(findTestObject("Object Repository/Login_CICD/Page_Demo Web Shop. Login/input_Email_Email"), "suraj1234@gmail.com"): Text 'suraj1234@gmail.com' is set on object 'Object Repository/Login_CICD/Page_Demo Web Shop. Login/input_Email_Email'

2023-11-07 13:16:29 - [MESSAGE][PASSED] - Text 'suraj1234@gmail.com' is set on object 'Object Repository/Login_CICD/Page_Demo Web Shop. Login/input_Email_Email'

2023-11-07 13:16:29 - [TEST_STEP][PASSED] - setEncryptedText(findTestObject("Object Repository/Login_CICD/Page_Demo Web Shop. Login/input_Password_Password"), "cvW8qx4B2o1WegCEDy41Xg=="): Text ****** has been set on object 'Object Repository/Login_CICD/Page_Demo Web Shop. Login/input_Password_Password'

2023-11-07 13:16:29 - [MESSAGE][PASSED] - Text ****** has been set on object 'Object Repository/Login_CICD/Page_Demo Web Shop. Login/input_Password_Password'

2023-11-07 13:16:29 - [TEST_STEP][PASSED] - click(findTestObject("Object Repository/Login_CICD/Page_Demo Web Shop. Login/input_Forgot password_button-1 login-button")): Object: 'Object Repository/Login_CICD/Page_Demo Web Shop. Login/input_Forgot password_button-1 login-button' is clicked on

2023-11-07 13:16:31 - [MESSAGE][PASSED] - Object: 'Object Repository/Login_CICD/Page_Demo Web Shop. Login/input_Forgot password_button-1 login-button' is clicked on

2023-11-07 13:16:31 - [TEST_STEP][PASSED] - verifyElementPresent(findTestObject("Object Repository/Login_CICD/Page_Demo Web Shop/a_suraj1234gmail.com"), 0): Object 'Object Repository/Login_CICD/Page_Demo Web Shop/a_suraj1234gmail.com' is present

2023-11-07 13:16:31 - [MESSAGE][WARNING] - Timeout '0' is invalid. Using default page load timeout: '30'

2023-11-07 13:16:31 - [MESSAGE][PASSED] - Object 'Object Repository/Login_CICD/Page_Demo Web Shop/a_suraj1234gmail.com' is present

2023-11-07 13:16:31 - [TEST_STEP][PASSED] - click(findTestObject("Object Repository/Login_CICD/Page_Demo Web Shop/a_Log out")): Object: 'Object Repository/Login_CICD/Page_Demo Web Shop/a_Log out' is clicked on

2023-11-07 13:16:34 - [MESSAGE][PASSED] - Object: 'Object Repository/Login_CICD/Page_Demo Web Shop/a_Log out' is clicked on

2023-11-07 13:16:34 - [TEST_STEP][PASSED] - closeBrowser(): Browser is closed

2023-11-07 13:16:34 - [MESSAGE][PASSED] - Browser is closed]]></system-out>
         <system-err><![CDATA[]]></system-err>
      </testcase>
      <testcase name="Test Cases/Login_CICD/Login_CICD_Test3" time="21.011" classname="Test Cases/Login_CICD/Login_CICD_Test3" status="PASSED">
         <system-out><![CDATA[2023-11-07 13:16:34 - [TEST_CASE][PASSED] - Test Cases/Login_CICD/Login_CICD_Test3: Test Cases/Login_CICD/Login_CICD_Test3

2023-11-07 13:16:35 - [TEST_STEP][PASSED] - openBrowser(""): Browser is opened with url: ''

2023-11-07 13:16:35 - [MESSAGE][INFO] - Starting 'Firefox' driver

2023-11-07 13:16:35 - [MESSAGE][INFO] - Action delay is set to 0 milliseconds

2023-11-07 13:16:39 - [MESSAGE][PASSED] - Browser is opened with url: ''

2023-11-07 13:16:39 - [TEST_STEP][PASSED] - maximizeWindow(): Current window maximized

2023-11-07 13:16:39 - [MESSAGE][PASSED] - Current window maximized

2023-11-07 13:16:39 - [TEST_STEP][PASSED] - navigateToUrl("https://demowebshop.tricentis.com/"): Navigate to 'https://demowebshop.tricentis.com/' successfully

2023-11-07 13:16:47 - [MESSAGE][PASSED] - Navigate to 'https://demowebshop.tricentis.com/' successfully

2023-11-07 13:16:47 - [TEST_STEP][PASSED] - click(findTestObject("Object Repository/Login_CICD/Page_Demo Web Shop/a_Log in")): Object: 'Object Repository/Login_CICD/Page_Demo Web Shop/a_Log in' is clicked on

2023-11-07 13:16:49 - [MESSAGE][PASSED] - Object: 'Object Repository/Login_CICD/Page_Demo Web Shop/a_Log in' is clicked on

2023-11-07 13:16:49 - [TEST_STEP][PASSED] - setText(findTestObject("Object Repository/Login_CICD/Page_Demo Web Shop. Login/input_Email_Email"), "suraj1234@gmail.com"): Text 'suraj1234@gmail.com' is set on object 'Object Repository/Login_CICD/Page_Demo Web Shop. Login/input_Email_Email'

2023-11-07 13:16:49 - [MESSAGE][PASSED] - Text 'suraj1234@gmail.com' is set on object 'Object Repository/Login_CICD/Page_Demo Web Shop. Login/input_Email_Email'

2023-11-07 13:16:49 - [TEST_STEP][PASSED] - setEncryptedText(findTestObject("Object Repository/Login_CICD/Page_Demo Web Shop. Login/input_Password_Password"), "cvW8qx4B2o1WegCEDy41Xg=="): Text ****** has been set on object 'Object Repository/Login_CICD/Page_Demo Web Shop. Login/input_Password_Password'

2023-11-07 13:16:50 - [MESSAGE][PASSED] - Text ****** has been set on object 'Object Repository/Login_CICD/Page_Demo Web Shop. Login/input_Password_Password'

2023-11-07 13:16:50 - [TEST_STEP][PASSED] - click(findTestObject("Object Repository/Login_CICD/Page_Demo Web Shop. Login/input_Forgot password_button-1 login-button")): Object: 'Object Repository/Login_CICD/Page_Demo Web Shop. Login/input_Forgot password_button-1 login-button' is clicked on

2023-11-07 13:16:52 - [MESSAGE][PASSED] - Object: 'Object Repository/Login_CICD/Page_Demo Web Shop. Login/input_Forgot password_button-1 login-button' is clicked on

2023-11-07 13:16:52 - [TEST_STEP][PASSED] - verifyElementPresent(findTestObject("Object Repository/Login_CICD/Page_Demo Web Shop/a_suraj1234gmail.com"), 0): Object 'Object Repository/Login_CICD/Page_Demo Web Shop/a_suraj1234gmail.com' is present

2023-11-07 13:16:52 - [MESSAGE][WARNING] - Timeout '0' is invalid. Using default page load timeout: '30'

2023-11-07 13:16:52 - [MESSAGE][PASSED] - Object 'Object Repository/Login_CICD/Page_Demo Web Shop/a_suraj1234gmail.com' is present

2023-11-07 13:16:52 - [TEST_STEP][PASSED] - click(findTestObject("Object Repository/Login_CICD/Page_Demo Web Shop/a_Log out")): Object: 'Object Repository/Login_CICD/Page_Demo Web Shop/a_Log out' is clicked on

2023-11-07 13:16:55 - [MESSAGE][PASSED] - Object: 'Object Repository/Login_CICD/Page_Demo Web Shop/a_Log out' is clicked on

2023-11-07 13:16:55 - [TEST_STEP][PASSED] - closeBrowser(): Browser is closed

2023-11-07 13:16:55 - [MESSAGE][PASSED] - Browser is closed]]></system-out>
         <system-err><![CDATA[]]></system-err>
      </testcase>
      <system-out><![CDATA[2023-11-07 13:15:50 - [TEST_SUITE][PASSED] - Login_CICD_Test Suite2: Test Cases/Login_CICD/Login_CICD_Test3]]></system-out>
      <system-err><![CDATA[]]></system-err>
   </testsuite>
</testsuites>
