<?xml version="1.0" encoding="UTF-8"?>
<testsuites name="Login_CICD_Test Suite1" time="38.793" tests="3" failures="0" errors="0">
   <testsuite name="Login_CICD_Test Suite1" tests="3" failures="0" errors="0" time="38.793" skipped="0" timestamp="2023-11-07 15:10:38" hostname="LP-MUM-0X108326$ - LP-MUM-0X108326.IN.COFORGETECH.COM" id="Test Suites/Login_CICD_Test Suite/Login_CICD_Test Suite1">
      <properties>
         <property name="deviceName" value=""/>
         <property name="devicePlatform" value=""/>
         <property name="logFolder" value="C:\\Users\\Suraj.Phartade\\git\\KatalonCICD-TestDemo\\Reports\\20231107_151027\\Login_CICD_Test Suite\\Login_CICD_Test Suite1\\20231107_151029"/>
         <property name="logFiles" value="C:\\Users\\Suraj.Phartade\\git\\KatalonCICD-TestDemo\\Reports\\20231107_151027\\Login_CICD_Test Suite\\Login_CICD_Test Suite1\\20231107_151029\\execution0.log"/>
         <property name="attachments" value=""/>
         <property name="hostName" value="LP-MUM-0X108326$ - LP-MUM-0X108326.IN.COFORGETECH.COM"/>
         <property name="os" value="Windows 10 64bit"/>
         <property name="katalonVersion" value="8.6.8.208"/>
         <property name="browser" value="Chrome 119.0.0.0"/>
         <property name="hostAddress" value="10.253.38.159"/>
         <property name="sessionId" value="50174573e1f40699db327cf1f924272b"/>
         <property name="seleniumVersion" value="3.141.59"/>
         <property name="proxyInformation" value="ProxyInformation { proxyOption=NO_PROXY, proxyServerType=HTTP, username=, password=********, proxyServerAddress=, proxyServerPort=0, executionList=&quot;&quot;, isApplyToDesiredCapabilities=true }"/>
         <property name="platform" value="Windows 10"/>
      </properties>
      <testcase name="Test Cases/Login_CICD/Login_CICD_Test1" time="13.886" classname="Test Cases/Login_CICD/Login_CICD_Test1" status="PASSED">
         <system-out><![CDATA[2023-11-07 15:10:38 - [TEST_CASE][PASSED] - Test Cases/Login_CICD/Login_CICD_Test1: Test Cases/Login_CICD/Login_CICD_Test1

2023-11-07 15:10:38 - [TEST_STEP][PASSED] - openBrowser(""): Browser is opened with url: ''

2023-11-07 15:10:39 - [MESSAGE][INFO] - Starting 'Chrome' driver

2023-11-07 15:10:39 - [MESSAGE][INFO] - Action delay is set to 0 milliseconds

2023-11-07 15:10:42 - [MESSAGE][PASSED] - Browser is opened with url: ''

2023-11-07 15:10:42 - [TEST_STEP][PASSED] - maximizeWindow(): Current window maximized

2023-11-07 15:10:42 - [MESSAGE][PASSED] - Current window maximized

2023-11-07 15:10:42 - [TEST_STEP][PASSED] - navigateToUrl("https://demowebshop.tricentis.com/"): Navigate to 'https://demowebshop.tricentis.com/' successfully

2023-11-07 15:10:45 - [MESSAGE][PASSED] - Navigate to 'https://demowebshop.tricentis.com/' successfully

2023-11-07 15:10:45 - [TEST_STEP][PASSED] - click(findTestObject("Login_CICD/Page_Demo Web Shop/a_Log in")): Object: 'Object Repository/Login_CICD/Page_Demo Web Shop/a_Log in' is clicked on

2023-11-07 15:10:46 - [MESSAGE][PASSED] - Object: 'Object Repository/Login_CICD/Page_Demo Web Shop/a_Log in' is clicked on

2023-11-07 15:10:46 - [TEST_STEP][PASSED] - setText(findTestObject("Object Repository/Login_CICD/Page_Demo Web Shop. Login/input_Email_Email"), "suraj1234@gmail.com"): Text 'suraj1234@gmail.com' is set on object 'Object Repository/Login_CICD/Page_Demo Web Shop. Login/input_Email_Email'

2023-11-07 15:10:47 - [MESSAGE][PASSED] - Text 'suraj1234@gmail.com' is set on object 'Object Repository/Login_CICD/Page_Demo Web Shop. Login/input_Email_Email'

2023-11-07 15:10:47 - [TEST_STEP][PASSED] - setEncryptedText(findTestObject("Object Repository/Login_CICD/Page_Demo Web Shop. Login/input_Password_Password"), "cvW8qx4B2o1WegCEDy41Xg=="): Text ****** has been set on object 'Object Repository/Login_CICD/Page_Demo Web Shop. Login/input_Password_Password'

2023-11-07 15:10:47 - [MESSAGE][PASSED] - Text ****** has been set on object 'Object Repository/Login_CICD/Page_Demo Web Shop. Login/input_Password_Password'

2023-11-07 15:10:47 - [TEST_STEP][PASSED] - click(findTestObject("Object Repository/Login_CICD/Page_Demo Web Shop. Login/input_Forgot password_button-1 login-button")): Object: 'Object Repository/Login_CICD/Page_Demo Web Shop. Login/input_Forgot password_button-1 login-button' is clicked on

2023-11-07 15:10:49 - [MESSAGE][PASSED] - Object: 'Object Repository/Login_CICD/Page_Demo Web Shop. Login/input_Forgot password_button-1 login-button' is clicked on

2023-11-07 15:10:49 - [TEST_STEP][PASSED] - verifyElementPresent(findTestObject("Object Repository/Login_CICD/Page_Demo Web Shop/a_suraj1234gmail.com"), 0): Object 'Object Repository/Login_CICD/Page_Demo Web Shop/a_suraj1234gmail.com' is present

2023-11-07 15:10:49 - [MESSAGE][WARNING] - Timeout '0' is invalid. Using default page load timeout: '30'

2023-11-07 15:10:50 - [MESSAGE][PASSED] - Object 'Object Repository/Login_CICD/Page_Demo Web Shop/a_suraj1234gmail.com' is present

2023-11-07 15:10:50 - [TEST_STEP][PASSED] - click(findTestObject("Object Repository/Login_CICD/Page_Demo Web Shop/a_Log out")): Object: 'Object Repository/Login_CICD/Page_Demo Web Shop/a_Log out' is clicked on

2023-11-07 15:10:51 - [MESSAGE][PASSED] - Object: 'Object Repository/Login_CICD/Page_Demo Web Shop/a_Log out' is clicked on

2023-11-07 15:10:51 - [TEST_STEP][PASSED] - closeBrowser(): Browser is closed

2023-11-07 15:10:52 - [MESSAGE][PASSED] - Browser is closed]]></system-out>
         <system-err><![CDATA[]]></system-err>
      </testcase>
      <testcase name="Test Cases/Login_CICD/Login_CICD_Test2" time="13.071" classname="Test Cases/Login_CICD/Login_CICD_Test2" status="PASSED">
         <system-out><![CDATA[2023-11-07 15:10:52 - [TEST_CASE][PASSED] - Test Cases/Login_CICD/Login_CICD_Test2: Test Cases/Login_CICD/Login_CICD_Test2

2023-11-07 15:10:52 - [TEST_STEP][PASSED] - openBrowser(""): Browser is opened with url: ''

2023-11-07 15:10:52 - [MESSAGE][INFO] - Starting 'Chrome' driver

2023-11-07 15:10:52 - [MESSAGE][INFO] - Action delay is set to 0 milliseconds

2023-11-07 15:10:54 - [MESSAGE][PASSED] - Browser is opened with url: ''

2023-11-07 15:10:54 - [TEST_STEP][PASSED] - maximizeWindow(): Current window maximized

2023-11-07 15:10:54 - [MESSAGE][PASSED] - Current window maximized

2023-11-07 15:10:54 - [TEST_STEP][PASSED] - navigateToUrl("https://demowebshop.tricentis.com/"): Navigate to 'https://demowebshop.tricentis.com/' successfully

2023-11-07 15:10:58 - [MESSAGE][PASSED] - Navigate to 'https://demowebshop.tricentis.com/' successfully

2023-11-07 15:10:58 - [TEST_STEP][PASSED] - click(findTestObject("Object Repository/Login_CICD/Page_Demo Web Shop/a_Log in")): Object: 'Object Repository/Login_CICD/Page_Demo Web Shop/a_Log in' is clicked on

2023-11-07 15:10:59 - [MESSAGE][PASSED] - Object: 'Object Repository/Login_CICD/Page_Demo Web Shop/a_Log in' is clicked on

2023-11-07 15:10:59 - [TEST_STEP][PASSED] - setText(findTestObject("Object Repository/Login_CICD/Page_Demo Web Shop. Login/input_Email_Email"), "suraj1234@gmail.com"): Text 'suraj1234@gmail.com' is set on object 'Object Repository/Login_CICD/Page_Demo Web Shop. Login/input_Email_Email'

2023-11-07 15:11:00 - [MESSAGE][PASSED] - Text 'suraj1234@gmail.com' is set on object 'Object Repository/Login_CICD/Page_Demo Web Shop. Login/input_Email_Email'

2023-11-07 15:11:00 - [TEST_STEP][PASSED] - setEncryptedText(findTestObject("Object Repository/Login_CICD/Page_Demo Web Shop. Login/input_Password_Password"), "cvW8qx4B2o1WegCEDy41Xg=="): Text ****** has been set on object 'Object Repository/Login_CICD/Page_Demo Web Shop. Login/input_Password_Password'

2023-11-07 15:11:00 - [MESSAGE][PASSED] - Text ****** has been set on object 'Object Repository/Login_CICD/Page_Demo Web Shop. Login/input_Password_Password'

2023-11-07 15:11:00 - [TEST_STEP][PASSED] - click(findTestObject("Object Repository/Login_CICD/Page_Demo Web Shop. Login/input_Forgot password_button-1 login-button")): Object: 'Object Repository/Login_CICD/Page_Demo Web Shop. Login/input_Forgot password_button-1 login-button' is clicked on

2023-11-07 15:11:02 - [MESSAGE][PASSED] - Object: 'Object Repository/Login_CICD/Page_Demo Web Shop. Login/input_Forgot password_button-1 login-button' is clicked on

2023-11-07 15:11:02 - [TEST_STEP][PASSED] - verifyElementPresent(findTestObject("Object Repository/Login_CICD/Page_Demo Web Shop/a_suraj1234gmail.com"), 0): Object 'Object Repository/Login_CICD/Page_Demo Web Shop/a_suraj1234gmail.com' is present

2023-11-07 15:11:02 - [MESSAGE][WARNING] - Timeout '0' is invalid. Using default page load timeout: '30'

2023-11-07 15:11:02 - [MESSAGE][PASSED] - Object 'Object Repository/Login_CICD/Page_Demo Web Shop/a_suraj1234gmail.com' is present

2023-11-07 15:11:02 - [TEST_STEP][PASSED] - click(findTestObject("Object Repository/Login_CICD/Page_Demo Web Shop/a_Log out")): Object: 'Object Repository/Login_CICD/Page_Demo Web Shop/a_Log out' is clicked on

2023-11-07 15:11:04 - [MESSAGE][PASSED] - Object: 'Object Repository/Login_CICD/Page_Demo Web Shop/a_Log out' is clicked on

2023-11-07 15:11:04 - [TEST_STEP][PASSED] - closeBrowser(): Browser is closed

2023-11-07 15:11:05 - [MESSAGE][PASSED] - Browser is closed]]></system-out>
         <system-err><![CDATA[]]></system-err>
      </testcase>
      <testcase name="Test Cases/Login_CICD/Login_CICD_Test3" time="11.613" classname="Test Cases/Login_CICD/Login_CICD_Test3" status="PASSED">
         <system-out><![CDATA[2023-11-07 15:11:05 - [TEST_CASE][PASSED] - Test Cases/Login_CICD/Login_CICD_Test3: Test Cases/Login_CICD/Login_CICD_Test3

2023-11-07 15:11:05 - [TEST_STEP][PASSED] - openBrowser(""): Browser is opened with url: ''

2023-11-07 15:11:05 - [MESSAGE][INFO] - Starting 'Chrome' driver

2023-11-07 15:11:05 - [MESSAGE][INFO] - Action delay is set to 0 milliseconds

2023-11-07 15:11:07 - [MESSAGE][PASSED] - Browser is opened with url: ''

2023-11-07 15:11:07 - [TEST_STEP][PASSED] - maximizeWindow(): Current window maximized

2023-11-07 15:11:08 - [MESSAGE][PASSED] - Current window maximized

2023-11-07 15:11:08 - [TEST_STEP][PASSED] - navigateToUrl("https://demowebshop.tricentis.com/"): Navigate to 'https://demowebshop.tricentis.com/' successfully

2023-11-07 15:11:11 - [MESSAGE][PASSED] - Navigate to 'https://demowebshop.tricentis.com/' successfully

2023-11-07 15:11:11 - [TEST_STEP][PASSED] - click(findTestObject("Object Repository/Login_CICD/Page_Demo Web Shop/a_Log in")): Object: 'Object Repository/Login_CICD/Page_Demo Web Shop/a_Log in' is clicked on

2023-11-07 15:11:12 - [MESSAGE][PASSED] - Object: 'Object Repository/Login_CICD/Page_Demo Web Shop/a_Log in' is clicked on

2023-11-07 15:11:12 - [TEST_STEP][PASSED] - setText(findTestObject("Object Repository/Login_CICD/Page_Demo Web Shop. Login/input_Email_Email"), "suraj1234@gmail.com"): Text 'suraj1234@gmail.com' is set on object 'Object Repository/Login_CICD/Page_Demo Web Shop. Login/input_Email_Email'

2023-11-07 15:11:12 - [MESSAGE][PASSED] - Text 'suraj1234@gmail.com' is set on object 'Object Repository/Login_CICD/Page_Demo Web Shop. Login/input_Email_Email'

2023-11-07 15:11:12 - [TEST_STEP][PASSED] - setEncryptedText(findTestObject("Object Repository/Login_CICD/Page_Demo Web Shop. Login/input_Password_Password"), "cvW8qx4B2o1WegCEDy41Xg=="): Text ****** has been set on object 'Object Repository/Login_CICD/Page_Demo Web Shop. Login/input_Password_Password'

2023-11-07 15:11:13 - [MESSAGE][PASSED] - Text ****** has been set on object 'Object Repository/Login_CICD/Page_Demo Web Shop. Login/input_Password_Password'

2023-11-07 15:11:13 - [TEST_STEP][PASSED] - click(findTestObject("Object Repository/Login_CICD/Page_Demo Web Shop. Login/input_Forgot password_button-1 login-button")): Object: 'Object Repository/Login_CICD/Page_Demo Web Shop. Login/input_Forgot password_button-1 login-button' is clicked on

2023-11-07 15:11:14 - [MESSAGE][PASSED] - Object: 'Object Repository/Login_CICD/Page_Demo Web Shop. Login/input_Forgot password_button-1 login-button' is clicked on

2023-11-07 15:11:14 - [TEST_STEP][PASSED] - verifyElementPresent(findTestObject("Object Repository/Login_CICD/Page_Demo Web Shop/a_suraj1234gmail.com"), 0): Object 'Object Repository/Login_CICD/Page_Demo Web Shop/a_suraj1234gmail.com' is present

2023-11-07 15:11:14 - [MESSAGE][WARNING] - Timeout '0' is invalid. Using default page load timeout: '30'

2023-11-07 15:11:14 - [MESSAGE][PASSED] - Object 'Object Repository/Login_CICD/Page_Demo Web Shop/a_suraj1234gmail.com' is present

2023-11-07 15:11:14 - [TEST_STEP][PASSED] - click(findTestObject("Object Repository/Login_CICD/Page_Demo Web Shop/a_Log out")): Object: 'Object Repository/Login_CICD/Page_Demo Web Shop/a_Log out' is clicked on

2023-11-07 15:11:16 - [MESSAGE][PASSED] - Object: 'Object Repository/Login_CICD/Page_Demo Web Shop/a_Log out' is clicked on

2023-11-07 15:11:16 - [TEST_STEP][PASSED] - closeBrowser(): Browser is closed

2023-11-07 15:11:17 - [MESSAGE][PASSED] - Browser is closed]]></system-out>
         <system-err><![CDATA[]]></system-err>
      </testcase>
      <system-out><![CDATA[2023-11-07 15:10:38 - [TEST_SUITE][PASSED] - Login_CICD_Test Suite1: Test Cases/Login_CICD/Login_CICD_Test3]]></system-out>
      <system-err><![CDATA[]]></system-err>
   </testsuite>
</testsuites>
